***  Installation Started 02/15/2011 11:00  ***
Title:  P2FortsGate installation
Source: \\psf\Home\Documents\Finance\RTS\Plaza 2\P2_ClientGate1.10.8_TEST.exe | 02-15-2011 | 10:55:02 | 3787186
Made Dir: Y:\Dev\p2\gate\p2ruby\p2
File Copy: Y:\Dev\p2\gate\p2ruby\p2\LZO.DLL | 07-20-2009 | 11:10:56 | | 106496 | 6491502b
File Copy: Y:\Dev\p2\gate\p2ruby\p2\MSVCP71.DLL | 03-21-2007 | 20:33:00 | 7.10.6030.0 | 503808 | 4029812e
File Copy: Y:\Dev\p2\gate\p2ruby\p2\MSVCR71.DLL | 03-21-2007 | 20:33:00 | 7.10.6030.0 | 348160 | f83ad7cd
File Copy: Y:\Dev\p2\gate\p2ruby\p2\P2DB.dll | 10-14-2010 | 13:17:28 | 1.96.181.0 | 139264 | c90e5d86
File Copy: Y:\Dev\p2\gate\p2ruby\p2\P2DBSQLite.dll | 10-14-2010 | 13:19:10 | 1.84.181.0 | 479232 | 29b051f3
File Copy: Y:\Dev\p2\gate\p2ruby\p2\P2DBSQLite3.dll | 10-14-2010 | 13:18:48 | 1.92.181.0 | 630784 | 83aec006
File Copy: Y:\Dev\p2\gate\p2ruby\p2\P2Sys.dll | 10-14-2010 | 13:17:24 | 1.37.181.0 | 548864 | 2eb06ef3
File Copy: Y:\Dev\p2\gate\p2ruby\p2\P2SysExt.dll | 10-14-2010 | 13:17:32 | 1.29.181.0 | 274432 | 25bfbc1d
File Copy: Y:\Dev\p2\gate\p2ruby\p2\P2Tbl.dll | 10-14-2010 | 13:17:34 | 1.75.181.0 | 200704 | 349bbc09
File Copy: Y:\Dev\p2\gate\p2ruby\p2\sqlite3.ini | 05-25-2009 | 15:55:00 | | 51 | d076d0b9
File Copy: Y:\Dev\p2\gate\p2ruby\p2\version.txt | 10-19-2010 | 13:19:04 | | 63 | aaddc050
Made Dir: Y:\Dev\p2\gate\p2ruby\p2\p2bin
File Copy: Y:\Dev\p2\gate\p2ruby\p2\p2bin\lzo.dll | 07-20-2009 | 11:10:56 | | 106496 | 6491502b
File Copy: Y:\Dev\p2\gate\p2ruby\p2\p2bin\P2DB.dll | 10-14-2010 | 13:17:28 | 1.96.181.0 | 139264 | c90e5d86
File Copy: Y:\Dev\p2\gate\p2ruby\p2\p2bin\P2DBSQLite.dll | 10-14-2010 | 13:19:10 | 1.84.181.0 | 479232 | 29b051f3
File Copy: Y:\Dev\p2\gate\p2ruby\p2\p2bin\P2DBSQLite3.dll | 10-14-2010 | 13:18:48 | 1.92.181.0 | 630784 | 83aec006
File Copy: Y:\Dev\p2\gate\p2ruby\p2\p2bin\P2Sys.dll | 10-14-2010 | 13:17:24 | 1.37.181.0 | 548864 | 2eb06ef3
File Copy: Y:\Dev\p2\gate\p2ruby\p2\p2bin\P2SysExt.dll | 10-14-2010 | 13:17:32 | 1.29.181.0 | 274432 | 25bfbc1d
File Copy: Y:\Dev\p2\gate\p2ruby\p2\p2bin\P2Tbl.dll | 10-14-2010 | 13:17:34 | 1.75.181.0 | 200704 | 349bbc09
File Copy: Y:\Dev\p2\gate\p2ruby\p2\\P2ClientGate.dll | 10-14-2010 | 13:24:28 | 1.93.181.0 | 425984 | 1de36cbf
File Copy: Y:\Dev\p2\gate\p2ruby\p2\\P2ClientGate.ini | 03-09-2010 | 11:59:54 | | 1028 | 42f67d1d
File Copy: Y:\Dev\p2\gate\p2ruby\p2\\P2ClientGateMTA.dll | 10-14-2010 | 13:20:20 | 1.93.181.0 | 425984 | e3b5f92a
File Copy: Y:\Dev\p2\gate\p2ruby\p2\\P2DBODBC.dll | 10-14-2010 | 13:18:20 | 1.97.181.0 | 208896 | e0bdc766
File Copy: Y:\Dev\p2\gate\p2ruby\p2\\p2fortsgate_messages.ini | 02-03-2011 | 13:57:50 | | 7366 | 67648dd0
File Copy: Y:\Dev\p2\gate\p2ruby\p2\\P2ReplClient.dll | 10-14-2010 | 13:17:48 | 1.80.181.0 | 266240 | fe5d7b6c
File Copy: Y:\Dev\p2\gate\p2ruby\p2\\register_dll.cmd | 04-20-2010 | 11:01:02 | | 25 | 12d5f048
File Copy: Y:\Dev\p2\gate\p2ruby\p2\\register_MTA_dll.cmd | 04-20-2010 | 11:01:06 | | 28 | 1737826c
File Copy: Y:\Dev\p2\gate\p2ruby\p2\\sqlite2.ini | 05-25-2009 | 15:55:00 | | 51 | d076d0b9
Made Dir: Y:\Dev\p2\gate\p2ruby\p2\Scheme
File Copy: Y:\Dev\p2\gate\p2ruby\p2\Scheme\cl_money.ini | 10-10-2010 | 13:35:24 | | 1084 | a368fcb4
File Copy: Y:\Dev\p2\gate\p2ruby\p2\Scheme\forts_scheme.ini | 11-26-2010 | 16:19:28 | | 36709 | 94f713a3
File Copy: Y:\Dev\p2\gate\p2ruby\p2\Scheme\fut_common.ini | 10-10-2010 | 13:35:24 | | 1286 | c13e8480
File Copy: Y:\Dev\p2\gate\p2ruby\p2\Scheme\fut_info.ini | 10-10-2010 | 13:35:24 | | 10487 | ff5e667
File Copy: Y:\Dev\p2\gate\p2ruby\p2\Scheme\fut_trades.ini | 10-10-2010 | 13:35:24 | | 3921 | b0d0cb33
File Copy: Y:\Dev\p2\gate\p2ruby\p2\Scheme\fut_userdeal.ini | 10-10-2010 | 13:35:24 | | 1315 | ad38eec0
File Copy: Y:\Dev\p2\gate\p2ruby\p2\Scheme\info.ini | 10-10-2010 | 13:35:24 | | 3993 | c38c21f4
File Copy: Y:\Dev\p2\gate\p2ruby\p2\Scheme\misc_info.ini | 10-10-2010 | 13:35:24 | | 946 | 5de9a218
File Copy: Y:\Dev\p2\gate\p2ruby\p2\Scheme\opt_common.ini | 10-12-2010 | 14:20:04 | | 1265 | 963bfebe
File Copy: Y:\Dev\p2\gate\p2ruby\p2\Scheme\opt_info.ini | 10-10-2010 | 13:35:24 | | 4325 | 3fc934e4
File Copy: Y:\Dev\p2\gate\p2ruby\p2\Scheme\opt_trades.ini | 10-10-2010 | 13:35:24 | | 2280 | 1d1ee59a
File Copy: Y:\Dev\p2\gate\p2ruby\p2\Scheme\opt_userdeal.ini | 10-10-2010 | 13:35:24 | | 1277 | 90623ff2
File Copy: Y:\Dev\p2\gate\p2ruby\p2\Scheme\orderbook.ini | 10-10-2010 | 13:35:24 | | 1387 | 58fea4
File Copy: Y:\Dev\p2\gate\p2ruby\p2\Scheme\orders_aggr.ini | 11-26-2010 | 16:19:14 | | 745 | 746f918a
File Copy: Y:\Dev\p2\gate\p2ruby\p2\Scheme\p2fortsgate_messages.ini | 02-03-2011 | 13:57:56 | | 7366 | 67648dd0
File Copy: Y:\Dev\p2\gate\p2ruby\p2\Scheme\part.ini | 10-10-2010 | 13:35:24 | | 1361 | 2f905ff
File Copy: Y:\Dev\p2\gate\p2ruby\p2\Scheme\pos.ini | 10-10-2010 | 13:35:24 | | 907 | 8c91feae
File Copy: Y:\Dev\p2\gate\p2ruby\p2\Scheme\rts_index.ini | 10-10-2010 | 13:35:24 | | 880 | 39a1a46d
File Copy: Y:\Dev\p2\gate\p2ruby\p2\Scheme\vm.ini | 10-10-2010 | 13:35:24 | | 1327 | 7c320067
File Copy: Y:\Dev\p2\gate\p2ruby\p2\Scheme\volat.ini | 10-10-2010 | 13:35:24 | | 821 | 116d226c
File Copy: Y:\Dev\p2\gate\p2ruby\p2\p2bin\P2ReplClient.dll | 10-14-2010 | 13:17:48 | 1.80.181.0 | 266240 | fe5d7b6c
File Copy: Y:\Dev\p2\gate\p2ruby\p2\P2ClientGate.doc | 02-03-2011 | 12:03:12 | | 557568 | 7577dd55
File Copy: Y:\Dev\p2\gate\p2ruby\p2\p2gate_ru.pdf | 02-03-2011 | 12:03:12 | | 356217 | 158e43a6
File Copy: Y:\Dev\p2\gate\p2ruby\p2\client_router.ini | 06-04-2010 | 14:14:46 | | 1914 | 4daeb6b2
File Copy: Y:\Dev\p2\gate\p2ruby\p2\CLIENT_router_trace.ini | 07-22-2010 | 15:15:20 | | 8975 | 4793ade0
File Copy: Y:\Dev\p2\gate\p2ruby\p2\P2Crypt.dll | 10-14-2010 | 13:18:28 | 1.33.181.0 | 294912 | 623d8b72
File Copy: Y:\Dev\p2\gate\p2ruby\p2\P2MQLocPwdsUtil.exe | 10-14-2010 | 13:23:58 | 1.26.181.0 | 159744 | 55e8baaa
File Copy: Y:\Dev\p2\gate\p2ruby\p2\P2MQRouter.exe | 10-14-2010 | 13:20:12 | 1.160.181.0 | 573440 | 86ae6e2c
File Copy: Y:\Dev\p2\gate\p2ruby\p2\start_router.cmd | 01-18-2010 | 16:00:32 | | 51 | 1fb05660
File Copy: Y:\Dev\p2\gate\p2ruby\p2\P2SimpleGate2Client.exe | 12-16-2009 | 17:21:30 | 1.0.3637.31243 | 20480 | 60dfd89a
File Copy: Y:\Dev\p2\gate\p2ruby\p2\P2SimpleReplClient_trace.ini | 07-13-2010 | 12:25:28 | | 5234 | b7cc6dc8
File Copy: Y:\Dev\p2\gate\p2ruby\p2\SimpleSend.bat | 06-23-2009 | 12:47:04 | | 26 | 29e17350
File Copy: Y:\Dev\p2\gate\p2ruby\p2\SimpleSend.js | 12-24-2010 | 15:18:36 | | 1976 | fbe69622
Made Dir: Y:\Dev\p2\gate\p2ruby\p2\log
File Overwrite: Y:\Dev\p2\gate\p2ruby\p2\version.txt | 10-19-2010 | 13:19:04 | | 63 | aaddc050
File Copy: Y:\Dev\p2\gate\p2ruby\p2\p2bin\P2ReplServer.dll | 10-14-2010 | 13:17:50 | 1.184.181.0 | 282624 | ad8c32b
File Overwrite: Y:\Dev\p2\gate\p2ruby\p2\p2bin\P2ReplClient.dll | 10-14-2010 | 13:17:48 | 1.80.181.0 | 266240 | fe5d7b6c
File Copy: Y:\Dev\p2\gate\p2ruby\p2\p2bin\P2ReplISAMCache.dll | 10-14-2010 | 13:18:28 | 1.81.181.0 | 167936 | f9277125
File Copy: Y:\Dev\p2\gate\p2ruby\p2\p2bin\P2FORTSCommonVolat.exe | 07-14-2010 | 17:06:26 | 1.34.177.0 | 163840 | 83736aef
File Copy: Y:\Dev\p2\gate\p2ruby\p2\p2bin\P2ReplInter.exe | 09-10-2010 | 13:16:48 | 1.123.179.0 | 258048 | 920d2c6e
Made Dir: Y:\Dev\p2\gate\p2ruby\p2\volatvmsrv
File Copy: Y:\Dev\p2\gate\p2ruby\p2\volatvmsrv\forts_volatvm.ini | 06-05-2010 | 15:18:06 | | 8727 | 543e41a6
File Overwrite: Y:\Dev\p2\gate\p2ruby\p2\volatvmsrv\forts_volatvm.ini | 06-05-2010 | 15:18:06 | | 8727 | 543e41a6
File Copy: Y:\Dev\p2\gate\p2ruby\p2\volatvmsrv\local_inter.ini | 05-24-2010 | 16:30:18 | | 1407 | 7a7699e3
File Copy: Y:\Dev\p2\gate\p2ruby\p2\volatvmsrv\local_inter_trace.ini | 03-02-2010 | 22:21:44 | | 5263 | 9c6de09b
File Copy: Y:\Dev\p2\gate\p2ruby\p2\volatvmsrv\createdb.cmd | 04-23-2010 | 11:53:36 | | 13 | 967c376
File Overwrite: Y:\Dev\p2\gate\p2ruby\p2\client_router.ini | 06-04-2010 | 14:14:58 | | 3339 | 34351deb
INI File: Y:\Dev\p2\gate\p2ruby\p2\client_router.ini
INI Sect: P2MqSvcInfo
INI Item: FORTS_OPTINFO_REPL
INI Val: FORTS_FZ36001_bezvv.l_i
INI Old: USERNAME.l_i
INI File: Y:\Dev\p2\gate\p2ruby\p2\client_router.ini
INI Sect: P2MqSvcInfo
INI Item: FORTS_FUTINFO_REPL
INI Val: FORTS_FZ36001_bezvv.l_i
INI Old: USERNAME.l_i
INI File: Y:\Dev\p2\gate\p2ruby\p2\client_router.ini
INI Sect: P2MqSvcInfo
INI Item: FORTS_POS_REPL
INI Val: FORTS_FZ36001_bezvv.l_i
INI Old: USERNAME.l_i
INI File: Y:\Dev\p2\gate\p2ruby\p2\client_router.ini
INI Sect: P2MqSvcInfo
INI Item: FORTS_FUTCOMMON_REPL
INI Val: FORTS_FZ36001_bezvv.l_i
INI Old: USERNAME.l_i
INI File: Y:\Dev\p2\gate\p2ruby\p2\client_router.ini
INI Sect: P2MqSvcInfo
INI Item: FORTS_OPTCOMMON_REPL
INI Val: FORTS_FZ36001_bezvv.l_i
INI Old: USERNAME.l_i
INI File: Y:\Dev\p2\gate\p2ruby\p2\client_router.ini
INI Sect: P2MqSvcInfo
INI Item: FORTS_VOLAT_REPL
INI Val: FORTS_FZ36001_bezvv.vvm_svc
INI Old: USERNAME.vvm_svc
INI File: Y:\Dev\p2\gate\p2ruby\p2\client_router.ini
INI Sect: P2MqSvcInfo
INI Item: FORTS_VM_REPL
INI Val: FORTS_FZ36001_bezvv.vvm_svc
INI Old: USERNAME.vvm_svc
INI File: Y:\Dev\p2\gate\p2ruby\p2\client_router.ini
INI Sect: ProgMon:local_inter
INI Item: PATH
INI Val: Y:\Dev\p2\gate\p2ruby\p2\p2bin;%PATH%
INI Old: C:\Program Files\P2FORTSGate\p2bin;%PATH%
INI File: Y:\Dev\p2\gate\p2ruby\p2\client_router.ini
INI Sect: ProgMon:local_inter
INI Item: COMMANDLINE
INI Val: Y:\Dev\p2\gate\p2ruby\p2\p2bin\p2replinter.exe "/ini:Y:\Dev\p2\gate\p2ruby\p2\volatvmsrv\local_inter.ini"
INI Old: C:\Program Files\P2FORTSGate\p2bin\p2replinter.exe "/ini:C:\Program Files\P2FORTSGate\volatvmsrv\local_inter.ini"
INI File: Y:\Dev\p2\gate\p2ruby\p2\client_router.ini
INI Sect: ProgMon:local_inter
INI Item: currentdir
INI Val: Y:\Dev\p2\gate\p2ruby\p2\volatvmsrv\
INI Old: C:\Program Files\P2FORTSGate\volatvmsrv\
INI File: Y:\Dev\p2\gate\p2ruby\p2\client_router.ini
INI Sect: ProgMon:local_inter
INI Item: exitevent
INI Val: 1 
INI Old: 1
INI File: Y:\Dev\p2\gate\p2ruby\p2\client_router.ini
INI Sect: ProgMon:volatvmsrv
INI Item: PATH
INI Val: Y:\Dev\p2\gate\p2ruby\p2\p2bin;%PATH%
INI Old: C:\Program Files\P2FORTSGate\p2bin;%PATH%
INI File: Y:\Dev\p2\gate\p2ruby\p2\client_router.ini
INI Sect: ProgMon:volatvmsrv
INI Item: COMMANDLINE
INI Val: Y:\Dev\p2\gate\p2ruby\p2\p2bin\P2FORTSCommonVolat.exe "/ini:Y:\Dev\p2\gate\p2ruby\p2\volatvmsrv\forts_volatvm.ini"
INI Old: C:\Program Files\P2FORTSGate\p2bin\P2FORTSCommonVolat.exe "/ini:C:\Program Files\P2FORTSGate\volatvmsrv\forts_volatvm.ini"
INI File: Y:\Dev\p2\gate\p2ruby\p2\client_router.ini
INI Sect: ProgMon:volatvmsrv
INI Item: currentdir
INI Val: Y:\Dev\p2\gate\p2ruby\p2\volatvmsrv\
INI Old: C:\Program Files\P2FORTSGate\volatvmsrv\
INI File: Y:\Dev\p2\gate\p2ruby\p2\client_router.ini
INI Sect: ProgMon:volatvmsrv
INI Item: exitevent
INI Val: 1 
INI Old: 1
File Copy: Y:\Dev\p2\gate\p2ruby\p2\volatvmsrv\opt_volat_trace_mini.ini | 03-02-2010 | 22:41:42 | | 11290 | 57e98dcd
File Copy: Y:\Dev\p2\gate\p2ruby\p2\p2dbodbc.ini | 07-10-2007 | 16:01:58 | | 7403 | fefee152
File Copy: Y:\Dev\p2\gate\p2ruby\p2\p2bin\P2Crypt.dll | 10-14-2010 | 13:18:28 | 1.33.181.0 | 294912 | 623d8b72
File Copy: Y:\Dev\p2\gate\p2ruby\p2\p2bin\P2MQRouter.exe | 10-14-2010 | 13:20:12 | 1.160.181.0 | 573440 | 86ae6e2c
File Copy: Y:\Dev\p2\gate\p2ruby\p2\p2bin\P2MQLocPwdsUtil.exe | 10-14-2010 | 13:23:58 | 1.26.181.0 | 159744 | 55e8baaa
INI File: Y:\Dev\p2\gate\p2ruby\p2\volatvmsrv\forts_volatvm.ini
INI Sect: dbscheme:replvolat
INI Item: lifenumber
INI Val: 1
INI Old: 1
INI File: Y:\Dev\p2\gate\p2ruby\p2\volatvmsrv\forts_volatvm.ini
INI Sect: dbscheme:vm_out_db
INI Item: lifenumber
INI Val: 1
INI Old: 1
INI File: Y:\Dev\p2\gate\p2ruby\p2\volatvmsrv\forts_volatvm.ini
INI Sect: options:app
INI Item: recalc_timeout 
INI Val:  30000
INI Old: 30000
INI File: Y:\Dev\p2\gate\p2ruby\p2\volatvmsrv\forts_volatvm.ini
INI Sect: options:app
INI Item: recalc_vm_timeout 
INI Val:  30000
INI Old: 30000
INI File: Y:\Dev\p2\gate\p2ruby\p2\client_router.ini
INI Sect: AS:NS
INI Item: USERNAME
INI Val: FORTS_FZ36001_bezvv
INI Old: USERNAME
INI File: Y:\Dev\p2\gate\p2ruby\p2\client_router.ini
INI Sect: AS:NS
INI Item: PASSWORD
INI Val: 12345
INI Old: PASSWORD
File Copy: Y:\Dev\p2\gate\p2ruby\p2\UNWISE.EXE | 11-21-2007 | 04:38:04 | 10.3.0.250 | 161344 | 9a3331d4
RegDB Key: Software\Microsoft\Windows\CurrentVersion\Uninstall\P2FortsGate installation
RegDB Val: P2FortsGate installation
RegDB Name: DisplayName
RegDB Root: 2
RegDB Key: Software\Microsoft\Windows\CurrentVersion\Uninstall\P2FortsGate installation
RegDB Val: Y:\Dev\p2\gate\p2ruby\p2\UNWISE.EXE Y:\Dev\p2\gate\p2ruby\p2\INSTALL.LOG
RegDB Name: UninstallString
RegDB Root: 2
INI New: Created INI
INI File: Y:\Dev\p2\gate\p2ruby\p2\install.ini
INI Sect: INSTALL
INI Item: type
INI Val: FULL
Self-Register: Y:\Dev\p2\gate\p2ruby\p2\P2ClientGateMTA.dll
User Rights: Admin
